<?xml version="1.0" encoding="UTF-8"?>
<robot generator="Robot 7.3.2 (Python 3.10.4 on win32)" generated="2025-09-25T22:34:02.909969" rpa="false" schemaversion="5">
<suite id="s1" name="Suites">
<suite id="s1-s1" name="inputBoxes" source="C:\Users\onagi\OneDrive\Documents\Automation_Test_project\TestCases\inputBoxes.robot">
<test id="s1-s1-t1" name="TestingInputBox" line="13">
<kw name="Open Browser" owner="SeleniumLibrary">
<msg time="2025-09-25T22:34:03.577721" level="INFO">Opening browser 'chrome' to base url 'https://orleansexpress.com/fr/'.</msg>
<arg>${url}</arg>
<arg>${browser}</arg>
<doc>Opens a new browser instance to the optional ``url``.</doc>
<status status="PASS" start="2025-09-25T22:34:03.576699" elapsed="6.646674"/>
</kw>
<kw name="Maximize Browser Window" owner="SeleniumLibrary">
<doc>Maximizes current browser window.</doc>
<status status="PASS" start="2025-09-25T22:34:10.224371" elapsed="0.098541"/>
</kw>
<kw name="Title Should Be" owner="SeleniumLibrary">
<msg time="2025-09-25T22:34:10.345655" level="INFO">Page title is 'Orléans Express | Voyages confortables en Autobus au Québec'.</msg>
<arg>Orléans Express | Voyages confortables en Autobus au Québec</arg>
<doc>Verifies that the current page title equals ``title``.</doc>
<status status="PASS" start="2025-09-25T22:34:10.322912" elapsed="0.022743"/>
</kw>
<kw name="Click Link" owner="SeleniumLibrary">
<msg time="2025-09-25T22:34:10.347642" level="INFO">Clicking link 'xpath://*[@id="masthead"]/div[2]/div/div/nav/div[2]/a[1]'.</msg>
<arg>xpath://*[@id="masthead"]/div[2]/div/div/nav/div[2]/a[1]</arg>
<doc>Clicks a link identified by ``locator``.</doc>
<status status="PASS" start="2025-09-25T22:34:10.346646" elapsed="0.363006"/>
</kw>
<kw name="Set Variable" owner="BuiltIn">
<msg time="2025-09-25T22:34:10.710649" level="INFO">${password_txt} = id:login_pass</msg>
<var>${password_txt}</var>
<arg>id:login_pass</arg>
<doc>Returns the given values which can then be assigned to a variables.</doc>
<status status="PASS" start="2025-09-25T22:34:10.709652" elapsed="0.000997"/>
</kw>
<kw name="Element Should Be Visible" owner="SeleniumLibrary">
<msg time="2025-09-25T22:34:10.739542" level="INFO">Element 'id:login_pass' is displayed.</msg>
<arg>${password_txt}</arg>
<doc>Verifies that the element identified by ``locator`` is visible.</doc>
<status status="PASS" start="2025-09-25T22:34:10.711809" elapsed="0.027733"/>
</kw>
<kw name="Element Should Be Enabled" owner="SeleniumLibrary">
<arg>${password_txt}</arg>
<doc>Verifies that element identified by ``locator`` is enabled.</doc>
<status status="PASS" start="2025-09-25T22:34:10.739542" elapsed="0.034809"/>
</kw>
<kw name="Input Text" owner="SeleniumLibrary">
<msg time="2025-09-25T22:34:10.775364" level="INFO">Typing text 'Oth@2005.' into text field 'id:login_pass'.</msg>
<arg>${password_txt}</arg>
<arg>Oth@2005.</arg>
<doc>Types the given ``text`` into the text field identified by ``locator``.</doc>
<status status="PASS" start="2025-09-25T22:34:10.774351" elapsed="0.261309"/>
</kw>
<kw name="Sleep" owner="BuiltIn">
<msg time="2025-09-25T22:34:16.051215" level="INFO">Slept 5 seconds.</msg>
<arg>5</arg>
<doc>Pauses the test executed for the given time.</doc>
<status status="PASS" start="2025-09-25T22:34:11.036659" elapsed="5.014556"/>
</kw>
<kw name="Clear Element Text" owner="SeleniumLibrary">
<arg>${password_txt}</arg>
<doc>Clears the value of the text-input-element identified by ``locator``.</doc>
<status status="PASS" start="2025-09-25T22:34:16.052212" elapsed="0.074800"/>
</kw>
<kw name="Sleep" owner="BuiltIn">
<msg time="2025-09-25T22:34:19.132372" level="INFO">Slept 3 seconds.</msg>
<arg>3</arg>
<doc>Pauses the test executed for the given time.</doc>
<status status="PASS" start="2025-09-25T22:34:16.127012" elapsed="3.005360"/>
</kw>
<kw name="Close Browser" owner="SeleniumLibrary">
<doc>Closes the current browser.</doc>
<status status="PASS" start="2025-09-25T22:34:19.132372" elapsed="2.377406"/>
</kw>
<status status="PASS" start="2025-09-25T22:34:03.574390" elapsed="17.935388"/>
</test>
<status status="PASS" start="2025-09-25T22:34:02.966537" elapsed="18.544588"/>
</suite>
<status status="PASS" start="2025-09-25T22:34:02.929526" elapsed="18.582595"/>
</suite>
<statistics>
<total>
<stat pass="1" fail="0" skip="0">All Tests</stat>
</total>
<tag>
</tag>
<suite>
<stat name="Suites" id="s1" pass="1" fail="0" skip="0">Suites</stat>
<stat name="inputBoxes" id="s1-s1" pass="1" fail="0" skip="0">Suites.inputBoxes</stat>
</suite>
</statistics>
<errors>
</errors>
</robot>
