<?xml version="1.0" encoding="UTF-8"?>
<robot generator="Robot 7.3.2 (Python 3.10.4 on win32)" generated="2025-09-20T21:52:35.626616" rpa="false" schemaversion="5">
<suite id="s1" name="MouseAcrions" source="c:\Users\onagi\OneDrive\Documents\Automation_Test_project\TestCases\MouseAcrions.robot">
<test id="s1-t1" name="Mouse Actions" line="5">
<kw name="Set Selenium Speed" owner="SeleniumLibrary">
<arg>1</arg>
<doc>Sets the delay that is waited after each Selenium command.</doc>
<status status="PASS" start="2025-09-20T21:52:36.204525" elapsed="0.000997"/>
</kw>
<kw name="Open Browser" owner="SeleniumLibrary">
<msg time="2025-09-20T21:52:36.206565" level="INFO">Opening browser 'chrome' to base url 'https://vinothqaacademy.com/mouse-event/'.</msg>
<arg>https://vinothqaacademy.com/mouse-event/</arg>
<arg>chrome</arg>
<doc>Opens a new browser instance to the optional ``url``.</doc>
<status status="PASS" start="2025-09-20T21:52:36.205522" elapsed="3.832738"/>
</kw>
<kw name="Maximize Browser Window" owner="SeleniumLibrary">
<doc>Maximizes current browser window.</doc>
<status status="PASS" start="2025-09-20T21:52:40.038260" elapsed="1.057912"/>
</kw>
<kw name="Open Context Menu" owner="SeleniumLibrary">
<arg>xpath://*[@id="rightclick"]</arg>
<doc>Opens the context menu on the element identified by ``locator``.</doc>
<status status="PASS" start="2025-09-20T21:52:41.097170" elapsed="2.318481"/>
</kw>
<kw name="Double Click Element" owner="SeleniumLibrary">
<msg time="2025-09-20T21:52:43.416892" level="INFO">Double clicking element 'xpath://*[@id="dblclick"]'.</msg>
<arg>xpath://*[@id="dblclick"]</arg>
<doc>Double clicks the element identified by ``locator``.</doc>
<status status="PASS" start="2025-09-20T21:52:43.416892" elapsed="2.317277"/>
</kw>
<kw name="Drag And Drop" owner="SeleniumLibrary">
<arg>xpath://*[@id="draggableElement"]</arg>
<arg>xpath://*[@id="droppableElement"]</arg>
<doc>Drags the element identified by ``locator`` into the ``target`` element.</doc>
<status status="PASS" start="2025-09-20T21:52:45.734169" elapsed="3.625697"/>
</kw>
<status status="PASS" start="2025-09-20T21:52:36.200197" elapsed="13.159669"/>
</test>
<status status="PASS" start="2025-09-20T21:52:35.634123" elapsed="13.728921"/>
</suite>
<statistics>
<total>
<stat pass="1" fail="0" skip="0">All Tests</stat>
</total>
<tag>
</tag>
<suite>
<stat name="MouseAcrions" id="s1" pass="1" fail="0" skip="0">MouseAcrions</stat>
</suite>
</statistics>
<errors>
</errors>
</robot>
