<?xml version="1.0" encoding="UTF-8"?>
<robot generator="Robot 7.3.2 (Python 3.10.4 on win32)" generated="2025-09-25T22:34:42.966721" rpa="false" schemaversion="5">
<suite id="s1" name="Suites">
<suite id="s1-s1" name="tabbedWindows" source="C:\Users\onagi\OneDrive\Documents\Automation_Test_project\TestCases\tabbedWindows.robot">
<test id="s1-s1-t1" name="Handling Tabbed windows" line="5">
<kw name="Set Selenium Speed" owner="SeleniumLibrary">
<arg>1</arg>
<doc>Sets the delay that is waited after each Selenium command.</doc>
<status status="PASS" start="2025-09-25T22:34:43.521676" elapsed="0.000998"/>
</kw>
<kw name="Open Browser" owner="SeleniumLibrary">
<msg time="2025-09-25T22:34:43.523672" level="INFO">Opening browser 'chrome' to base url 'https://vinothqaacademy.com/multiple-windows/'.</msg>
<arg>https://vinothqaacademy.com/multiple-windows/</arg>
<arg>chrome</arg>
<doc>Opens a new browser instance to the optional ``url``.</doc>
<status status="PASS" start="2025-09-25T22:34:43.522674" elapsed="5.241202"/>
</kw>
<kw name="Maximize Browser Window" owner="SeleniumLibrary">
<doc>Maximizes current browser window.</doc>
<status status="PASS" start="2025-09-25T22:34:48.763876" elapsed="1.047364"/>
</kw>
<kw name="Click Element" owner="SeleniumLibrary">
<msg time="2025-09-25T22:34:49.812457" level="INFO">Clicking element 'xpath://*[@id="button1"]'.</msg>
<arg>xpath://*[@id="button1"]</arg>
<doc>Click the element identified by ``locator``.</doc>
<status status="PASS" start="2025-09-25T22:34:49.811240" elapsed="2.321964"/>
</kw>
<kw name="Switch Window" owner="SeleniumLibrary">
<arg>title:Demo Site – WebTable – Vinoth Tech Solutions</arg>
<doc>Switches to browser window matching ``locator``.</doc>
<status status="PASS" start="2025-09-25T22:34:52.133204" elapsed="13.268861"/>
</kw>
<kw name="Maximize Browser Window" owner="SeleniumLibrary">
<doc>Maximizes current browser window.</doc>
<status status="PASS" start="2025-09-25T22:35:05.402065" elapsed="1.046471"/>
</kw>
<kw name="Click Element" owner="SeleniumLibrary">
<msg time="2025-09-25T22:35:06.449657" level="INFO">Clicking element 'xpath://*[@id="addBtn"]'.</msg>
<arg>xpath://*[@id="addBtn"]</arg>
<doc>Click the element identified by ``locator``.</doc>
<status status="PASS" start="2025-09-25T22:35:06.448536" elapsed="2.093654"/>
</kw>
<status status="PASS" start="2025-09-25T22:34:43.520662" elapsed="25.021528"/>
</test>
<status status="PASS" start="2025-09-25T22:34:43.017497" elapsed="25.525862"/>
</suite>
<status status="PASS" start="2025-09-25T22:34:42.984545" elapsed="25.570481"/>
</suite>
<statistics>
<total>
<stat pass="1" fail="0" skip="0">All Tests</stat>
</total>
<tag>
</tag>
<suite>
<stat name="Suites" id="s1" pass="1" fail="0" skip="0">Suites</stat>
<stat name="tabbedWindows" id="s1-s1" pass="1" fail="0" skip="0">Suites.tabbedWindows</stat>
</suite>
</statistics>
<errors>
</errors>
</robot>
