<?xml version="1.0" encoding="UTF-8"?>
<robot generator="Robot 7.3.2 (Python 3.10.4 on win32)" generated="2025-09-25T22:34:22.701770" rpa="false" schemaversion="5">
<suite id="s1" name="Suites">
<suite id="s1-s1" name="mulripleBrowsers" source="C:\Users\onagi\OneDrive\Documents\Automation_Test_project\TestCases\mulripleBrowsers.robot">
<test id="s1-s1-t1" name="Handling Multiple windows" line="5">
<kw name="Set Selenium Speed" owner="SeleniumLibrary">
<arg>1</arg>
<doc>Sets the delay that is waited after each Selenium command.</doc>
<status status="PASS" start="2025-09-25T22:34:23.309341" elapsed="0.000998"/>
</kw>
<kw name="Open Browser" owner="SeleniumLibrary">
<msg time="2025-09-25T22:34:23.310339" level="INFO">Opening browser 'chrome' to base url 'https://www.google.com/'.</msg>
<arg>https://www.google.com/</arg>
<arg>chrome</arg>
<doc>Opens a new browser instance to the optional ``url``.</doc>
<status status="PASS" start="2025-09-25T22:34:23.310339" elapsed="4.599120"/>
</kw>
<kw name="Maximize Browser Window" owner="SeleniumLibrary">
<doc>Maximizes current browser window.</doc>
<status status="PASS" start="2025-09-25T22:34:27.909459" elapsed="1.060596"/>
</kw>
<kw name="Sleep" owner="BuiltIn">
<msg time="2025-09-25T22:34:29.984320" level="INFO">Slept 1 second.</msg>
<arg>1</arg>
<doc>Pauses the test executed for the given time.</doc>
<status status="PASS" start="2025-09-25T22:34:28.971050" elapsed="1.014267"/>
</kw>
<kw name="Open Browser" owner="SeleniumLibrary">
<msg time="2025-09-25T22:34:29.986575" level="INFO">Opening browser 'chrome' to base url 'https://www.bing.com/'.</msg>
<arg>https://www.bing.com/</arg>
<arg>chrome</arg>
<doc>Opens a new browser instance to the optional ``url``.</doc>
<status status="PASS" start="2025-09-25T22:34:29.985317" elapsed="3.026352"/>
</kw>
<kw name="Maximize Browser Window" owner="SeleniumLibrary">
<doc>Maximizes current browser window.</doc>
<status status="PASS" start="2025-09-25T22:34:33.013666" elapsed="1.600634"/>
</kw>
<kw name="Switch Browser" owner="SeleniumLibrary">
<arg>1</arg>
<doc>Switches between active browsers using ``index_or_alias``.</doc>
<status status="PASS" start="2025-09-25T22:34:34.614300" elapsed="0.001400"/>
</kw>
<kw name="Get Title" owner="SeleniumLibrary">
<msg time="2025-09-25T22:34:35.626432" level="INFO">${title1} = Google</msg>
<var>${title1}</var>
<doc>Returns the title of the current page.</doc>
<status status="PASS" start="2025-09-25T22:34:34.615700" elapsed="1.010732"/>
</kw>
<kw name="Log To Console" owner="BuiltIn">
<arg>${title1}</arg>
<doc>Logs the given message to the console.</doc>
<status status="PASS" start="2025-09-25T22:34:35.627430" elapsed="0.000998"/>
</kw>
<kw name="Sleep" owner="BuiltIn">
<msg time="2025-09-25T22:34:36.639422" level="INFO">Slept 1 second.</msg>
<arg>1</arg>
<doc>Pauses the test executed for the given time.</doc>
<status status="PASS" start="2025-09-25T22:34:35.628428" elapsed="1.010994"/>
</kw>
<kw name="Switch Browser" owner="SeleniumLibrary">
<arg>2</arg>
<doc>Switches between active browsers using ``index_or_alias``.</doc>
<status status="PASS" start="2025-09-25T22:34:36.639422" elapsed="0.001060"/>
</kw>
<kw name="Get Title" owner="SeleniumLibrary">
<msg time="2025-09-25T22:34:37.650959" level="INFO">${title2} = Recherche – Microsoft Bing</msg>
<var>${title2}</var>
<doc>Returns the title of the current page.</doc>
<status status="PASS" start="2025-09-25T22:34:36.641491" elapsed="1.010578"/>
</kw>
<kw name="Log To Console" owner="BuiltIn">
<arg>${title2}</arg>
<doc>Logs the given message to the console.</doc>
<status status="PASS" start="2025-09-25T22:34:37.652069" elapsed="0.000000"/>
</kw>
<status status="PASS" start="2025-09-25T22:34:23.307146" elapsed="14.346199"/>
</test>
<status status="PASS" start="2025-09-25T22:34:22.749425" elapsed="14.903920"/>
</suite>
<status status="PASS" start="2025-09-25T22:34:22.716896" elapsed="14.938475"/>
</suite>
<statistics>
<total>
<stat pass="1" fail="0" skip="0">All Tests</stat>
</total>
<tag>
</tag>
<suite>
<stat name="Suites" id="s1" pass="1" fail="0" skip="0">Suites</stat>
<stat name="mulripleBrowsers" id="s1-s1" pass="1" fail="0" skip="0">Suites.mulripleBrowsers</stat>
</suite>
</statistics>
<errors>
</errors>
</robot>
