<?xml version="1.0" encoding="UTF-8"?>
<robot generator="Robot 7.3.2 (Python 3.10.4 on win32)" generated="2025-09-25T22:32:13.279264" rpa="false" schemaversion="5">
<suite id="s1" name="Suites">
<suite id="s1-s1" name="Dropdown" source="C:\Users\onagi\OneDrive\Documents\Automation_Test_project\TestCases\dropdown.robot">
<test id="s1-s1-t1" name="TestingRadioBox" line="9">
<kw name="Set Selenium Speed" owner="SeleniumLibrary">
<arg>1</arg>
<doc>Sets the delay that is waited after each Selenium command.</doc>
<status status="PASS" start="2025-09-25T22:32:13.797363" elapsed="0.000000"/>
</kw>
<kw name="Open Browser" owner="SeleniumLibrary">
<msg time="2025-09-25T22:32:13.798392" level="INFO">Opening browser 'chrome' to base url 'https://www.letskodeit.com/practice'.</msg>
<arg>${url}</arg>
<arg>${Browser}</arg>
<doc>Opens a new browser instance to the optional ``url``.</doc>
<status status="PASS" start="2025-09-25T22:32:13.798392" elapsed="6.952070"/>
</kw>
<kw name="Maximize Browser Window" owner="SeleniumLibrary">
<doc>Maximizes current browser window.</doc>
<status status="PASS" start="2025-09-25T22:32:20.752018" elapsed="1.121302"/>
</kw>
<kw name="Select From List By Value" owner="SeleniumLibrary">
<msg time="2025-09-25T22:32:21.873320" level="INFO">Selecting options from selection list 'carselect' by value benz.</msg>
<msg time="2025-09-25T22:32:25.980378" level="WARN">Keyword 'Capture Page Screenshot' could not be run on failure: Message: no such window: target window already closed
from unknown error: web view not found
  (Session info: chrome=140.0.7339.187)
Stacktrace:
	GetHandleVerifier [0x0x7ff66575fc95+79861]
	GetHandleVerifier [0x0x7ff66575fcf0+79952]
	(No symbol) [0x0x7ff6654dcada]
	(No symbol) [0x0x7ff6654b4b91]
	(No symbol) [0x0x7ff6655640fe]
	(No symbol) [0x0x7ff6655848c2]
	(No symbol) [0x0x7ff66555c8b3]
	(No symbol) [0x0x7ff665525272]
	(No symbol) [0x0x7ff665526043]
	GetHandleVerifier [0x0x7ff665a1b9cd+2946349]
	GetHandleVerifier [0x0x7ff665a15c4a+2922410]
	GetHandleVerifier [0x0x7ff665a359d7+3052855]
	GetHandleVerifier [0x0x7ff66577aa7e+189918]
	GetHandleVerifier [0x0x7ff665782a1f+222591]
	GetHandleVerifier [0x0x7ff665768ab4+116244]
	GetHandleVerifier [0x0x7ff665768c69+116681]
	GetHandleVerifier [0x0x7ff66574f048+11176]
	BaseThreadInitThunk [0x0x7ffd1387e8d7+23]
	RtlUserThreadStart [0x0x7ffd13b68d9c+44]
</msg>
<msg time="2025-09-25T22:32:25.980378" level="FAIL">TypeError: 'NoneType' object is not iterable</msg>
<arg>carselect</arg>
<arg>benz</arg>
<doc>Selects options from selection list ``locator`` by ``values``.</doc>
<status status="FAIL" start="2025-09-25T22:32:21.873320" elapsed="4.111644">TypeError: 'NoneType' object is not iterable</status>
</kw>
<kw name="Select All From List" owner="SeleniumLibrary">
<arg>multiple-select-example</arg>
<doc>Selects all options from multi-selection list ``locator``.</doc>
<status status="NOT RUN" start="2025-09-25T22:32:25.986959" elapsed="0.000000"/>
</kw>
<kw name="Unselect From List By Index" owner="SeleniumLibrary">
<arg>multiple-select-example</arg>
<arg>1</arg>
<doc>Unselects options from selection list ``locator`` by ``indexes``.</doc>
<status status="NOT RUN" start="2025-09-25T22:32:25.986959" elapsed="0.000997"/>
</kw>
<status status="FAIL" start="2025-09-25T22:32:13.795161" elapsed="12.192795">TypeError: 'NoneType' object is not iterable</status>
</test>
<status status="FAIL" start="2025-09-25T22:32:13.325231" elapsed="12.663881"/>
</suite>
<status status="FAIL" start="2025-09-25T22:32:13.294442" elapsed="12.695708"/>
</suite>
<statistics>
<total>
<stat pass="0" fail="1" skip="0">All Tests</stat>
</total>
<tag>
</tag>
<suite>
<stat name="Suites" id="s1" pass="0" fail="1" skip="0">Suites</stat>
<stat name="Dropdown" id="s1-s1" pass="0" fail="1" skip="0">Suites.Dropdown</stat>
</suite>
</statistics>
<errors>
<msg time="2025-09-25T22:32:25.980378" level="WARN">Keyword 'Capture Page Screenshot' could not be run on failure: Message: no such window: target window already closed
from unknown error: web view not found
  (Session info: chrome=140.0.7339.187)
Stacktrace:
	GetHandleVerifier [0x0x7ff66575fc95+79861]
	GetHandleVerifier [0x0x7ff66575fcf0+79952]
	(No symbol) [0x0x7ff6654dcada]
	(No symbol) [0x0x7ff6654b4b91]
	(No symbol) [0x0x7ff6655640fe]
	(No symbol) [0x0x7ff6655848c2]
	(No symbol) [0x0x7ff66555c8b3]
	(No symbol) [0x0x7ff665525272]
	(No symbol) [0x0x7ff665526043]
	GetHandleVerifier [0x0x7ff665a1b9cd+2946349]
	GetHandleVerifier [0x0x7ff665a15c4a+2922410]
	GetHandleVerifier [0x0x7ff665a359d7+3052855]
	GetHandleVerifier [0x0x7ff66577aa7e+189918]
	GetHandleVerifier [0x0x7ff665782a1f+222591]
	GetHandleVerifier [0x0x7ff665768ab4+116244]
	GetHandleVerifier [0x0x7ff665768c69+116681]
	GetHandleVerifier [0x0x7ff66574f048+11176]
	BaseThreadInitThunk [0x0x7ffd1387e8d7+23]
	RtlUserThreadStart [0x0x7ffd13b68d9c+44]
</msg>
</errors>
</robot>
