<?xml version="1.0" encoding="UTF-8"?>
<robot generator="Robot 7.3.2 (Python 3.10.4 on win32)" generated="2025-09-25T22:32:02.788717" rpa="false" schemaversion="5">
<suite id="s1" name="Suites">
<suite id="s1-s1" name="Alerts" source="C:\Users\onagi\OneDrive\Documents\Automation_Test_project\TestCases\alerts.robot">
<test id="s1-s1-t1" name="Handling alerts" line="5">
<kw name="Open Browser" owner="SeleniumLibrary">
<msg time="2025-09-25T22:32:03.451252" level="INFO">Opening browser 'chrome' to base url 'https://www.tutorialspoint.com/selenium/practice/alerts.php'.</msg>
<arg>https://www.tutorialspoint.com/selenium/practice/alerts.php</arg>
<arg>chrome</arg>
<doc>Opens a new browser instance to the optional ``url``.</doc>
<status status="PASS" start="2025-09-25T22:32:03.451252" elapsed="4.661699"/>
</kw>
<kw name="Click Element" owner="SeleniumLibrary">
<msg time="2025-09-25T22:32:08.114019" level="INFO">Clicking element 'xpath:/html/body/main/div/div/div[2]/div[1]/button'.</msg>
<arg>xpath:/html/body/main/div/div/div[2]/div[1]/button</arg>
<doc>Click the element identified by ``locator``.</doc>
<status status="PASS" start="2025-09-25T22:32:08.112951" elapsed="0.130574"/>
</kw>
<kw name="Sleep" owner="BuiltIn">
<msg time="2025-09-25T22:32:10.253937" level="INFO">Slept 2 seconds.</msg>
<arg>2</arg>
<doc>Pauses the test executed for the given time.</doc>
<status status="PASS" start="2025-09-25T22:32:08.244914" elapsed="2.009023"/>
</kw>
<kw name="Alert Should Be Present" owner="SeleniumLibrary">
<msg time="2025-09-25T22:32:10.255080" level="INFO">HANDLE::&lt;class 'NoneType'&gt;::None</msg>
<arg>Hello world!</arg>
<doc>Verifies that an alert is present and by default, accepts it.</doc>
<status status="PASS" start="2025-09-25T22:32:10.253937" elapsed="0.007452"/>
</kw>
<status status="PASS" start="2025-09-25T22:32:03.449160" elapsed="6.812229"/>
</test>
<status status="PASS" start="2025-09-25T22:32:02.837443" elapsed="7.424943"/>
</suite>
<status status="PASS" start="2025-09-25T22:32:02.804219" elapsed="7.461570"/>
</suite>
<statistics>
<total>
<stat pass="1" fail="0" skip="0">All Tests</stat>
</total>
<tag>
</tag>
<suite>
<stat name="Suites" id="s1" pass="1" fail="0" skip="0">Suites</stat>
<stat name="Alerts" id="s1-s1" pass="1" fail="0" skip="0">Suites.Alerts</stat>
</suite>
</statistics>
<errors>
</errors>
</robot>
