<?xml version="1.0" encoding="UTF-8"?>
<robot generator="Robot 7.3.2 (Python 3.10.4 on win32)" generated="2025-09-26T12:58:54.934239" rpa="false" schemaversion="5">
<suite id="s1" name="Suites">
<suite id="s1-s1" name="Page object model" source="C:\Users\onagi\OneDrive\Documents\Automation_Test_project\TestCases\Page_object_model.robot">
<test id="s1-s1-t1" name="LoginTest" line="13">
<kw name="Open my Browser" owner="login_Keywords">
<kw name="Set Selenium Speed" owner="SeleniumLibrary">
<arg>1</arg>
<doc>Sets the delay that is waited after each Selenium command.</doc>
<status status="PASS" start="2025-09-26T12:58:55.460688" elapsed="0.001411"/>
</kw>
<kw name="Open Browser" owner="SeleniumLibrary">
<msg time="2025-09-26T12:58:55.463099" level="INFO">Opening browser 'chrome' to base url 'https://demo.guru99.com/test/newtours/index.php'.</msg>
<arg>${SiteUrl}</arg>
<arg>${Browser}</arg>
<doc>Opens a new browser instance to the optional ``url``.</doc>
<status status="PASS" start="2025-09-26T12:58:55.462099" elapsed="4.595477"/>
</kw>
<kw name="Maximize Browser Window" owner="SeleniumLibrary">
<doc>Maximizes current browser window.</doc>
<status status="PASS" start="2025-09-26T12:59:00.058829" elapsed="1.058884"/>
</kw>
<arg>${SiteUrl}</arg>
<arg>${Browser}</arg>
<status status="PASS" start="2025-09-26T12:58:55.459629" elapsed="5.658084"/>
</kw>
<kw name="Enter UserName" owner="login_Keywords">
<kw name="Input Text" owner="SeleniumLibrary">
<msg time="2025-09-26T12:59:01.120212" level="INFO">Typing text 'lakhssass' into text field 'name:userName'.</msg>
<arg>${login_username}</arg>
<arg>${username}</arg>
<doc>Types the given ``text`` into the text field identified by ``locator``.</doc>
<status status="PASS" start="2025-09-26T12:59:01.119186" elapsed="3.177193"/>
</kw>
<arg>${user}</arg>
<status status="PASS" start="2025-09-26T12:59:01.117713" elapsed="3.178666"/>
</kw>
<kw name="Enter Password" owner="login_Keywords">
<kw name="Input Text" owner="SeleniumLibrary">
<msg time="2025-09-26T12:59:04.298529" level="INFO">Typing text 'yessir' into text field 'name:password'.</msg>
<arg>${login_password}</arg>
<arg>${password}</arg>
<doc>Types the given ``text`` into the text field identified by ``locator``.</doc>
<status status="PASS" start="2025-09-26T12:59:04.298529" elapsed="3.133982"/>
</kw>
<arg>${pwd}</arg>
<status status="PASS" start="2025-09-26T12:59:04.297377" elapsed="3.135134"/>
</kw>
<kw name="Click SignIn" owner="login_Keywords">
<kw name="Click Button" owner="SeleniumLibrary">
<msg time="2025-09-26T12:59:07.436961" level="INFO">Clicking button 'xpath:/html/body/div[2]/table/tbody/tr/td[2]/table/tbody/tr[4]/td/table/tbody/tr/td[2]/table/tbody/tr[2]/td[3]/form/table/tbody/tr[4]/td/table/tbody/tr[4]/td[2]/div/input'.</msg>
<arg>${login_button}</arg>
<doc>Clicks the button identified by ``locator``.</doc>
<status status="PASS" start="2025-09-26T12:59:07.435962" elapsed="4.258134"/>
</kw>
<status status="PASS" start="2025-09-26T12:59:07.433972" elapsed="4.260124"/>
</kw>
<kw name="Verify Successful Login" owner="login_Keywords">
<kw name="Title Should Be" owner="SeleniumLibrary">
<msg time="2025-09-26T12:59:12.710411" level="INFO">Page title is 'Welcome: Mercury Tours'.</msg>
<arg>Welcome: Mercury Tours</arg>
<doc>Verifies that the current page title equals ``title``.</doc>
<status status="PASS" start="2025-09-26T12:59:11.695337" elapsed="1.015074"/>
</kw>
<status status="PASS" start="2025-09-26T12:59:11.694096" elapsed="1.016315"/>
</kw>
<kw name="Close my browsers" owner="login_Keywords">
<kw name="Close All Browsers" owner="SeleniumLibrary">
<doc>Closes all open browsers and resets the browser cache.</doc>
<status status="PASS" start="2025-09-26T12:59:12.713824" elapsed="3.102448"/>
</kw>
<status status="PASS" start="2025-09-26T12:59:12.711643" elapsed="3.104629"/>
</kw>
<status status="PASS" start="2025-09-26T12:58:55.458575" elapsed="20.357697"/>
</test>
<status status="PASS" start="2025-09-26T12:58:54.983780" elapsed="20.833987"/>
</suite>
<status status="PASS" start="2025-09-26T12:58:54.951376" elapsed="20.878345"/>
</suite>
<statistics>
<total>
<stat pass="1" fail="0" skip="0">All Tests</stat>
</total>
<tag>
</tag>
<suite>
<stat name="Suites" id="s1" pass="1" fail="0" skip="0">Suites</stat>
<stat name="Page object model" id="s1-s1" pass="1" fail="0" skip="0">Suites.Page object model</stat>
</suite>
</statistics>
<errors>
</errors>
</robot>
