<?xml version="1.0" encoding="UTF-8"?>
<robot generator="Robot 7.3.2 (Python 3.10.4 on win32)" generated="2025-09-26T12:58:54.885471" rpa="false" schemaversion="5">
<suite id="s1" name="Suites">
<suite id="s1-s1" name="TC1" source="C:\Users\onagi\OneDrive\Documents\Automation_Test_project\TestCases\TC1.robot">
<test id="s1-s1-t1" name="Login Test" line="14">
<kw name="Set Selenium Speed" owner="SeleniumLibrary">
<arg>1</arg>
<doc>Sets the delay that is waited after each Selenium command.</doc>
<status status="PASS" start="2025-09-26T12:58:55.400941" elapsed="0.000000"/>
</kw>
<kw name="Open Browser" owner="SeleniumLibrary">
<msg time="2025-09-26T12:58:55.401998" level="INFO">Opening browser 'chrome' to base url 'https://orleansexpress.com/fr/'.</msg>
<arg>${url}</arg>
<arg>${browser}</arg>
<doc>Opens a new browser instance to the optional ``url``.</doc>
<status status="PASS" start="2025-09-26T12:58:55.400941" elapsed="7.125115"/>
</kw>
<kw name="logiinToAccount">
<kw name="Click Link" owner="SeleniumLibrary">
<msg time="2025-09-26T12:59:02.534504" level="INFO">Clicking link 'xpath://*[@id="masthead"]/div[2]/div/div/nav/div[2]/a[1]'.</msg>
<arg>xpath://*[@id="masthead"]/div[2]/div/div/nav/div[2]/a[1]</arg>
<doc>Clicks a link identified by ``locator``.</doc>
<status status="PASS" start="2025-09-26T12:59:02.531041" elapsed="3.276381"/>
</kw>
<kw name="Input Text" owner="SeleniumLibrary">
<msg time="2025-09-26T12:59:05.808627" level="INFO">Typing text 'o.nagifi@icloud.com' into text field 'login_email'.</msg>
<arg>login_email</arg>
<arg>o.nagifi@icloud.com</arg>
<doc>Types the given ``text`` into the text field identified by ``locator``.</doc>
<status status="PASS" start="2025-09-26T12:59:05.807422" elapsed="3.302456"/>
</kw>
<kw name="Input Text" owner="SeleniumLibrary">
<msg time="2025-09-26T12:59:09.110879" level="INFO">Typing text 'Oth@2005.' into text field 'login_pass'.</msg>
<arg>login_pass</arg>
<arg>Oth@2005.</arg>
<doc>Types the given ``text`` into the text field identified by ``locator``.</doc>
<status status="PASS" start="2025-09-26T12:59:09.109878" elapsed="3.131553"/>
</kw>
<kw name="Click Element" owner="SeleniumLibrary">
<msg time="2025-09-26T12:59:12.242866" level="INFO">Clicking element 'xpath://*[@id="button_connect"]'.</msg>
<arg>xpath://*[@id="button_connect"]</arg>
<doc>Click the element identified by ``locator``.</doc>
<status status="PASS" start="2025-09-26T12:59:12.241431" elapsed="2.187253"/>
</kw>
<status status="PASS" start="2025-09-26T12:59:02.528050" elapsed="11.900634"/>
</kw>
<kw name="Close Browser" owner="SeleniumLibrary">
<doc>Closes the current browser.</doc>
<status status="PASS" start="2025-09-26T12:59:14.429879" elapsed="3.105762"/>
</kw>
<status status="PASS" start="2025-09-26T12:58:55.398526" elapsed="22.137115"/>
</test>
<status status="PASS" start="2025-09-26T12:58:54.932227" elapsed="22.604551"/>
</suite>
<status status="PASS" start="2025-09-26T12:58:54.900757" elapsed="22.640497"/>
</suite>
<statistics>
<total>
<stat pass="1" fail="0" skip="0">All Tests</stat>
</total>
<tag>
</tag>
<suite>
<stat name="Suites" id="s1" pass="1" fail="0" skip="0">Suites</stat>
<stat name="TC1" id="s1-s1" pass="1" fail="0" skip="0">Suites.TC1</stat>
</suite>
</statistics>
<errors>
</errors>
</robot>
