<?xml version="1.0" encoding="UTF-8"?>
<robot generator="Robot 7.3.2 (Python 3.10.4 on win32)" generated="2025-09-25T22:33:06.559375" rpa="false" schemaversion="5">
<suite id="s1" name="Suites">
<suite id="s1-s1" name="RegistrationTest" source="C:\Users\onagi\OneDrive\Documents\Automation_Test_project\TestCases\RegistrationTest.robot">
<test id="s1-s1-t1" name="RegistrationTest" line="12">
<kw name="Open my Browser" owner="register_keywords">
<kw name="Open Browser" owner="SeleniumLibrary">
<msg time="2025-09-25T22:33:07.045204" level="INFO">Opening browser 'chrome' to base url 'https://demo.guru99.com/test/newtours/index.php'.</msg>
<arg>${SiteUrl}</arg>
<arg>${Browser}</arg>
<doc>Opens a new browser instance to the optional ``url``.</doc>
<status status="PASS" start="2025-09-25T22:33:07.045204" elapsed="3.205840"/>
</kw>
<kw name="Maximize Browser Window" owner="SeleniumLibrary">
<doc>Maximizes current browser window.</doc>
<status status="PASS" start="2025-09-25T22:33:10.252041" elapsed="0.045801"/>
</kw>
<arg>${SiteUrl}</arg>
<arg>${Browser}</arg>
<status status="PASS" start="2025-09-25T22:33:07.044087" elapsed="3.253755"/>
</kw>
<kw name="Click Register Link" owner="register_keywords">
<kw name="Click Link" owner="SeleniumLibrary">
<msg time="2025-09-25T22:33:10.302234" level="INFO">Clicking link 'link:REGISTER'.</msg>
<arg>${link_Reg}</arg>
<doc>Clicks a link identified by ``locator``.</doc>
<status status="PASS" start="2025-09-25T22:33:10.300240" elapsed="1.525355"/>
</kw>
<status status="PASS" start="2025-09-25T22:33:10.299237" elapsed="1.527353"/>
</kw>
<kw name="Enter FirstName" owner="register_keywords">
<kw name="Input Text" owner="SeleniumLibrary">
<msg time="2025-09-25T22:33:11.830582" level="INFO">Typing text 'Othman' into text field 'name:firstName'.</msg>
<arg>${txt_firstName}</arg>
<arg>${firstName}</arg>
<doc>Types the given ``text`` into the text field identified by ``locator``.</doc>
<status status="PASS" start="2025-09-25T22:33:11.829584" elapsed="0.202316"/>
</kw>
<arg>Othman</arg>
<status status="PASS" start="2025-09-25T22:33:11.827589" elapsed="0.204311"/>
</kw>
<kw name="Enter LastName" owner="register_keywords">
<kw name="Input Text" owner="SeleniumLibrary">
<msg time="2025-09-25T22:33:12.036192" level="INFO">Typing text 'Nagifi' into text field 'name:lastName'.</msg>
<arg>${txt_lastName}</arg>
<arg>${lastName}</arg>
<doc>Types the given ``text`` into the text field identified by ``locator``.</doc>
<status status="PASS" start="2025-09-25T22:33:12.034198" elapsed="0.137888"/>
</kw>
<arg>Nagifi</arg>
<status status="PASS" start="2025-09-25T22:33:12.033179" elapsed="0.138907"/>
</kw>
<kw name="Enter Phone" owner="register_keywords">
<kw name="Input Text" owner="SeleniumLibrary">
<msg time="2025-09-25T22:33:12.174080" level="INFO">Typing text '1234567890' into text field 'name:phone'.</msg>
<arg>${txt_phone}</arg>
<arg>${phone}</arg>
<doc>Types the given ``text`` into the text field identified by ``locator``.</doc>
<status status="PASS" start="2025-09-25T22:33:12.173083" elapsed="0.193381"/>
</kw>
<arg>1234567890</arg>
<status status="PASS" start="2025-09-25T22:33:12.172086" elapsed="0.194378"/>
</kw>
<kw name="Enter Email" owner="register_keywords">
<kw name="Input Text" owner="SeleniumLibrary">
<msg time="2025-09-25T22:33:12.368506" level="INFO">Typing text 'othnag2020gmail.com' into text field 'name:userName'.</msg>
<arg>${txt_email}</arg>
<arg>${email}</arg>
<doc>Types the given ``text`` into the text field identified by ``locator``.</doc>
<status status="PASS" start="2025-09-25T22:33:12.367491" elapsed="0.124743"/>
</kw>
<arg>othnag2020gmail.com</arg>
<status status="PASS" start="2025-09-25T22:33:12.366464" elapsed="0.125770"/>
</kw>
<kw name="Enter Address" owner="register_keywords">
<kw name="Input Text" owner="SeleniumLibrary">
<msg time="2025-09-25T22:33:12.494248" level="INFO">Typing text 'Ottawa' into text field 'name:address1'.</msg>
<arg>${txt_add1}</arg>
<arg>${add1}</arg>
<doc>Types the given ``text`` into the text field identified by ``locator``.</doc>
<status status="PASS" start="2025-09-25T22:33:12.493237" elapsed="0.179891"/>
</kw>
<arg>Ottawa</arg>
<status status="PASS" start="2025-09-25T22:33:12.492234" elapsed="0.181893"/>
</kw>
<kw name="Enter City" owner="register_keywords">
<kw name="Input Text" owner="SeleniumLibrary">
<msg time="2025-09-25T22:33:12.676628" level="INFO">Typing text 'Ottawa' into text field 'name:city'.</msg>
<arg>${txt_city}</arg>
<arg>${city}</arg>
<doc>Types the given ``text`` into the text field identified by ``locator``.</doc>
<status status="PASS" start="2025-09-25T22:33:12.675619" elapsed="0.124179"/>
</kw>
<arg>Ottawa</arg>
<status status="PASS" start="2025-09-25T22:33:12.674127" elapsed="0.126669"/>
</kw>
<kw name="Enter State" owner="register_keywords">
<kw name="Input Text" owner="SeleniumLibrary">
<msg time="2025-09-25T22:33:12.802790" level="INFO">Typing text 'Ontario' into text field 'name:state'.</msg>
<arg>${txt_state}</arg>
<arg>${state}</arg>
<doc>Types the given ``text`` into the text field identified by ``locator``.</doc>
<status status="PASS" start="2025-09-25T22:33:12.801793" elapsed="0.119062"/>
</kw>
<arg>Ontario</arg>
<status status="PASS" start="2025-09-25T22:33:12.800796" elapsed="0.120059"/>
</kw>
<kw name="Enter Postal Code" owner="register_keywords">
<kw name="Input Text" owner="SeleniumLibrary">
<msg time="2025-09-25T22:33:12.922871" level="INFO">Typing text 'K1N 9E5' into text field 'name:postalCode'.</msg>
<arg>${txt_postCode }</arg>
<arg>${postalCode}</arg>
<doc>Types the given ``text`` into the text field identified by ``locator``.</doc>
<status status="PASS" start="2025-09-25T22:33:12.921867" elapsed="0.130411"/>
</kw>
<arg>K1N 9E5</arg>
<status status="PASS" start="2025-09-25T22:33:12.920855" elapsed="0.131423"/>
</kw>
<kw name="Select Country" owner="register_keywords">
<kw name="Select From List By Label" owner="SeleniumLibrary">
<msg time="2025-09-25T22:33:13.054476" level="INFO">Selecting options from selection list 'name:country' by label CANADA.</msg>
<arg>${drp_country}</arg>
<arg>${country}</arg>
<doc>Selects options from selection list ``locator`` by ``labels``.</doc>
<status status="PASS" start="2025-09-25T22:33:13.054476" elapsed="0.169865"/>
</kw>
<arg>CANADA</arg>
<status status="PASS" start="2025-09-25T22:33:13.053288" elapsed="0.171053"/>
</kw>
<kw name="Enter username" owner="register_keywords">
<kw name="Input Text" owner="SeleniumLibrary">
<msg time="2025-09-25T22:33:13.226661" level="INFO">Typing text 'lakhssass' into text field 'name:email'.</msg>
<arg>${txt_userName}</arg>
<arg>${user}</arg>
<doc>Types the given ``text`` into the text field identified by ``locator``.</doc>
<status status="PASS" start="2025-09-25T22:33:13.226661" elapsed="0.152887"/>
</kw>
<arg>lakhssass</arg>
<status status="PASS" start="2025-09-25T22:33:13.225339" elapsed="0.154209"/>
</kw>
<kw name="Enter password" owner="register_keywords">
<kw name="Input Text" owner="SeleniumLibrary">
<msg time="2025-09-25T22:33:13.381626" level="INFO">Typing text 'johnxyz' into text field 'name:password'.</msg>
<arg>${txt_password}</arg>
<arg>${password}</arg>
<doc>Types the given ``text`` into the text field identified by ``locator``.</doc>
<status status="PASS" start="2025-09-25T22:33:13.380603" elapsed="0.170951"/>
</kw>
<arg>johnxyz</arg>
<status status="PASS" start="2025-09-25T22:33:13.379548" elapsed="0.172006"/>
</kw>
<kw name="Enter comfirmed Password" owner="register_keywords">
<kw name="Input Text" owner="SeleniumLibrary">
<msg time="2025-09-25T22:33:13.554055" level="INFO">Typing text 'johnxyz' into text field 'name:confirmPassword'.</msg>
<arg>${txt_confirmedPassword }</arg>
<arg>${cPassword}</arg>
<doc>Types the given ``text`` into the text field identified by ``locator``.</doc>
<status status="PASS" start="2025-09-25T22:33:13.552999" elapsed="0.141165"/>
</kw>
<arg>johnxyz</arg>
<status status="PASS" start="2025-09-25T22:33:13.551554" elapsed="0.142610"/>
</kw>
<kw name="Sleep" owner="BuiltIn">
<msg time="2025-09-25T22:33:15.699911" level="INFO">Slept 2 seconds.</msg>
<arg>2</arg>
<doc>Pauses the test executed for the given time.</doc>
<status status="PASS" start="2025-09-25T22:33:13.695175" elapsed="2.004736"/>
</kw>
<kw name="Click envoyer" owner="register_keywords">
<kw name="Click Button" owner="SeleniumLibrary">
<msg time="2025-09-25T22:33:15.701233" level="INFO">Clicking button 'xpath://html/body/div[2]/table/tbody/tr/td[2]/table/tbody/tr[4]/td/table/tbody/tr/td[2]/table/tbody/tr[5]/td/form/table/tbody/tr[17]/td/input'.</msg>
<msg time="2025-09-25T22:33:15.823070" level="WARN">Keyword 'Capture Page Screenshot' could not be run on failure: Message: invalid session id; For documentation on this error, please visit: https://www.selenium.dev/documentation/webdriver/troubleshooting/errors#invalidsessionidexception
Stacktrace:
	GetHandleVerifier [0x0x7ff66575fc95+79861]
	GetHandleVerifier [0x0x7ff66575fcf0+79952]
	(No symbol) [0x0x7ff6654dc8fc]
	(No symbol) [0x0x7ff66552438d]
	(No symbol) [0x0x7ff66555c9a2]
	(No symbol) [0x0x7ff665557374]
	(No symbol) [0x0x7ff66555642a]
	(No symbol) [0x0x7ff6654a7075]
	GetHandleVerifier [0x0x7ff665a1b9cd+2946349]
	GetHandleVerifier [0x0x7ff665a15c4a+2922410]
	GetHandleVerifier [0x0x7ff665a359d7+3052855]
	GetHandleVerifier [0x0x7ff66577aa7e+189918]
	GetHandleVerifier [0x0x7ff665782a1f+222591]
	(No symbol) [0x0x7ff6654a602c]
	GetHandleVerifier [0x0x7ff665b4e3f8+4202328]
	BaseThreadInitThunk [0x0x7ffd1387e8d7+23]
	RtlUserThreadStart [0x0x7ffd13b68d9c+44]
</msg>
<msg time="2025-09-25T22:33:15.824082" level="FAIL">InvalidSessionIdException: Message: invalid session id: session deleted as the browser has closed the connection
from disconnected: not connected to DevTools
  (Session info: chrome=140.0.7339.187); For documentation on this error, please visit: https://www.selenium.dev/documentation/webdriver/troubleshooting/errors#invalidsessionidexception
Stacktrace:
	GetHandleVerifier [0x0x7ff66575fc95+79861]
	GetHandleVerifier [0x0x7ff66575fcf0+79952]
	(No symbol) [0x0x7ff6654dcada]
	(No symbol) [0x0x7ff6654c8995]
	(No symbol) [0x0x7ff6654edbda]
	(No symbol) [0x0x7ff665564346]
	(No symbol) [0x0x7ff6655848c2]
	(No symbol) [0x0x7ff66555c8b3]
	(No symbol) [0x0x7ff665525272]
	(No symbol) [0x0x7ff665526043]
	GetHandleVerifier [0x0x7ff665a1b9cd+2946349]
	GetHandleVerifier [0x0x7ff665a15c4a+2922410]
	GetHandleVerifier [0x0x7ff665a359d7+3052855]
	GetHandleVerifier [0x0x7ff66577aa7e+189918]
	GetHandleVerifier [0x0x7ff665782a1f+222591]
	GetHandleVerifier [0x0x7ff665768ab4+116244]
	GetHandleVerifier [0x0x7ff665768c69+116681]
	GetHandleVerifier [0x0x7ff66574f048+11176]
	BaseThreadInitThunk [0x0x7ffd1387e8d7+23]
	RtlUserThreadStart [0x0x7ffd13b68d9c+44]
</msg>
<arg>${btn_submit}</arg>
<doc>Clicks the button identified by ``locator``.</doc>
<status status="FAIL" start="2025-09-25T22:33:15.701233" elapsed="0.126971">InvalidSessionIdException: Message: invalid session id: session deleted as the browser has closed the connection
from disconnected: not connected to DevTools
  (Session info: chrome=140.0.7339.187); For documentation on this error, please visit: https://www.selenium.dev/documentation/webdriver/troubleshooting/errors#invalidsessionidexception
Stacktrace:
	GetHandleVerifier [0x0x7ff66575fc95+79861]
	GetHandleVerifier [0x0x7ff66575fcf0+79952]
	(No symbol) [0x0x7ff6654dcada]
	(No symbol) [0x0x7ff6654c8995]
	(No symbol) [0x0x7ff6654edbda]
	(No symbol) [0x0x7ff665564346]
	(No symbol) [0x0x7ff6655848c2]
	(No symbol) [0x0x7ff66555c8b3]
	(No symbol) [0x0x7ff665525272]
	(No symbol) [0x0x7ff665526043]
	GetHandleVerifier [0x0x7ff665a1b9cd+2946349]
	GetHandleVerifier [0x0x7ff665a15c4a+2922410]
	GetHandleVerifier [0x0x7ff665a359d7+3052855]
	GetHandleVerifier [0x0x7ff66577aa7e+189918]
	GetHandleVerifier [0x0x7ff665782a1f+222591]
	GetHandleVerifier [0x0x7ff665768ab4+116244]
	GetHandleVerifier [0x0x7ff665768c69+116681]
	GetHandleVerifier [0x0x7ff66574f048+11176]
	BaseThreadInitThunk [0x0x7ffd1387e8d7+23]
	RtlUserThreadStart [0x0x7ffd13b68d9c+44]
</status>
</kw>
<status status="FAIL" start="2025-09-25T22:33:15.699911" elapsed="0.129449">InvalidSessionIdException: Message: invalid session id: session deleted as the browser has closed the connection
from disconnected: not connected to DevTools
  (Session info: chrome=140.0.7339.187); For documentation on this error, please visit: https://www.selenium.dev/documentation/webdriver/troubleshooting/errors#invalidsessionidexception
Stacktrace:
	GetHandleVerifier [0x0x7ff66575fc95+79861]
	GetHandleVerifier [0x0x7ff66575fcf0+79952]
	(No symbol) [0x0x7ff6654dcada]
	(No symbol) [0x0x7ff6654c8995]
	(No symbol) [0x0x7ff6654edbda]
	(No symbol) [0x0x7ff665564346]
	(No symbol) [0x0x7ff6655848c2]
	(No symbol) [0x0x7ff66555c8b3]
	(No symbol) [0x0x7ff665525272]
	(No symbol) [0x0x7ff665526043]
	GetHandleVerifier [0x0x7ff665a1b9cd+2946349]
	GetHandleVerifier [0x0x7ff665a15c4a+2922410]
	GetHandleVerifier [0x0x7ff665a359d7+3052855]
	GetHandleVerifier [0x0x7ff66577aa7e+189918]
	GetHandleVerifier [0x0x7ff665782a1f+222591]
	GetHandleVerifier [0x0x7ff665768ab4+116244]
	GetHandleVerifier [0x0x7ff665768c69+116681]
	GetHandleVerifier [0x0x7ff66574f048+11176]
	BaseThreadInitThunk [0x0x7ffd1387e8d7+23]
	RtlUserThreadStart [0x0x7ffd13b68d9c+44]
</status>
</kw>
<kw name="Verify Successful Registration" owner="register_keywords">
<status status="NOT RUN" start="2025-09-25T22:33:15.829360" elapsed="0.000000"/>
</kw>
<kw name="Close my browsers" owner="register_keywords">
<status status="NOT RUN" start="2025-09-25T22:33:15.830391" elapsed="0.000000"/>
</kw>
<status status="FAIL" start="2025-09-25T22:33:07.043090" elapsed="8.787301">InvalidSessionIdException: Message: invalid session id: session deleted as the browser has closed the connection
from disconnected: not connected to DevTools
  (Session info: chrome=140.0.7339.187); For documentation on this error, please visit: https://www.selenium.dev/documentation/webdriver/troubleshooting/errors#invalidsessionidexception
Stacktrace:
	GetHandleVerifier [0x0x7ff66575fc95+79861]
	GetHandleVerifier [0x0x7ff66575fcf0+79952]
	(No symbol) [0x0x7ff6654dcada]
	(No symbol) [0x0x7ff6654c8995]
	(No symbol) [0x0x7ff6654edbda]
	(No symbol) [0x0x7ff665564346]
	(No symbol) [0x0x7ff6655848c2]
	(No symbol) [0x0x7ff66555c8b3]
	(No symbol) [0x0x7ff665525272]
	(No symbol) [0x0x7ff665526043]
	GetHandleVerifier [0x0x7ff665a1b9cd+2946349]
	GetHandleVerifier [0x0x7ff665a15c4a+2922410]
	GetHandleVerifier [0x0x7ff665a359d7+3052855]
	GetHandleVerifier [0x0x7ff66577aa7e+189918]
	GetHandleVerifier [0x0x7ff665782a1f+222591]
	GetHandleVerifier [0x0x7ff665768ab4+116244]
	GetHandleVerifier [0x0x7ff665768c69+116681]
	GetHandleVerifier [0x0x7ff66574f048+11176]
	BaseThreadInitThunk [0x0x7ffd1387e8d7+23]
	RtlUserThreadStart [0x0x7ffd13b68d9c+44]
</status>
</test>
<status status="FAIL" start="2025-09-25T22:33:06.604256" elapsed="9.237651"/>
</suite>
<status status="FAIL" start="2025-09-25T22:33:06.574419" elapsed="9.268486"/>
</suite>
<statistics>
<total>
<stat pass="0" fail="1" skip="0">All Tests</stat>
</total>
<tag>
</tag>
<suite>
<stat name="Suites" id="s1" pass="0" fail="1" skip="0">Suites</stat>
<stat name="RegistrationTest" id="s1-s1" pass="0" fail="1" skip="0">Suites.RegistrationTest</stat>
</suite>
</statistics>
<errors>
<msg time="2025-09-25T22:33:15.823070" level="WARN">Keyword 'Capture Page Screenshot' could not be run on failure: Message: invalid session id; For documentation on this error, please visit: https://www.selenium.dev/documentation/webdriver/troubleshooting/errors#invalidsessionidexception
Stacktrace:
	GetHandleVerifier [0x0x7ff66575fc95+79861]
	GetHandleVerifier [0x0x7ff66575fcf0+79952]
	(No symbol) [0x0x7ff6654dc8fc]
	(No symbol) [0x0x7ff66552438d]
	(No symbol) [0x0x7ff66555c9a2]
	(No symbol) [0x0x7ff665557374]
	(No symbol) [0x0x7ff66555642a]
	(No symbol) [0x0x7ff6654a7075]
	GetHandleVerifier [0x0x7ff665a1b9cd+2946349]
	GetHandleVerifier [0x0x7ff665a15c4a+2922410]
	GetHandleVerifier [0x0x7ff665a359d7+3052855]
	GetHandleVerifier [0x0x7ff66577aa7e+189918]
	GetHandleVerifier [0x0x7ff665782a1f+222591]
	(No symbol) [0x0x7ff6654a602c]
	GetHandleVerifier [0x0x7ff665b4e3f8+4202328]
	BaseThreadInitThunk [0x0x7ffd1387e8d7+23]
	RtlUserThreadStart [0x0x7ffd13b68d9c+44]
</msg>
</errors>
</robot>
