<?xml version="1.0" encoding="UTF-8"?>
<robot generator="Robot 7.3.2 (Python 3.10.4 on win32)" generated="2025-09-25T22:32:52.287695" rpa="false" schemaversion="5">
<suite id="s1" name="Suites">
<suite id="s1-s1" name="RadioButtons" source="C:\Users\onagi\OneDrive\Documents\Automation_Test_project\TestCases\RadioButtons.robot">
<test id="s1-s1-t1" name="TestingRadioBox" line="10">
<kw name="Open Browser" owner="SeleniumLibrary">
<msg time="2025-09-25T22:32:53.067791" level="INFO">Opening browser 'chrome' to base url 'https://www.letskodeit.com/practice'.</msg>
<arg>${url}</arg>
<arg>${Browser}</arg>
<doc>Opens a new browser instance to the optional ``url``.</doc>
<status status="PASS" start="2025-09-25T22:32:53.067791" elapsed="4.934202"/>
</kw>
<kw name="Maximize Browser Window" owner="SeleniumLibrary">
<doc>Maximizes current browser window.</doc>
<status status="PASS" start="2025-09-25T22:32:58.002992" elapsed="0.088229"/>
</kw>
<kw name="Set Selenium Speed" owner="SeleniumLibrary">
<arg>1</arg>
<doc>Sets the delay that is waited after each Selenium command.</doc>
<status status="PASS" start="2025-09-25T22:32:58.091221" elapsed="0.001001"/>
</kw>
<kw name="Select Radio Button" owner="SeleniumLibrary">
<msg time="2025-09-25T22:32:58.093218" level="INFO">Selecting 'bmw' from radio button 'cars'.</msg>
<arg>cars</arg>
<arg>bmw</arg>
<doc>Sets the radio button group ``group_name`` to ``value``.</doc>
<status status="PASS" start="2025-09-25T22:32:58.093218" elapsed="3.169647"/>
</kw>
<kw name="Select Checkbox" owner="SeleniumLibrary">
<msg time="2025-09-25T22:33:01.264000" level="INFO">Selecting checkbox 'benz'.</msg>
<msg time="2025-09-25T22:33:03.497867" level="WARN">Keyword 'Capture Page Screenshot' could not be run on failure: Message: invalid session id; For documentation on this error, please visit: https://www.selenium.dev/documentation/webdriver/troubleshooting/errors#invalidsessionidexception
Stacktrace:
	GetHandleVerifier [0x0x7ff66575fc95+79861]
	GetHandleVerifier [0x0x7ff66575fcf0+79952]
	(No symbol) [0x0x7ff6654dc8fc]
	(No symbol) [0x0x7ff66552438d]
	(No symbol) [0x0x7ff66555c9a2]
	(No symbol) [0x0x7ff665557374]
	(No symbol) [0x0x7ff66555642a]
	(No symbol) [0x0x7ff6654a7075]
	GetHandleVerifier [0x0x7ff665a1b9cd+2946349]
	GetHandleVerifier [0x0x7ff665a15c4a+2922410]
	GetHandleVerifier [0x0x7ff665a359d7+3052855]
	GetHandleVerifier [0x0x7ff66577aa7e+189918]
	GetHandleVerifier [0x0x7ff665782a1f+222591]
	(No symbol) [0x0x7ff6654a602c]
	GetHandleVerifier [0x0x7ff665b4e3f8+4202328]
	BaseThreadInitThunk [0x0x7ffd1387e8d7+23]
	RtlUserThreadStart [0x0x7ffd13b68d9c+44]
</msg>
<msg time="2025-09-25T22:33:03.497867" level="FAIL">InvalidSessionIdException: Message: invalid session id: session deleted as the browser has closed the connection
from disconnected: not connected to DevTools
  (Session info: chrome=140.0.7339.187); For documentation on this error, please visit: https://www.selenium.dev/documentation/webdriver/troubleshooting/errors#invalidsessionidexception
Stacktrace:
	GetHandleVerifier [0x0x7ff66575fc95+79861]
	GetHandleVerifier [0x0x7ff66575fcf0+79952]
	(No symbol) [0x0x7ff6654dcada]
	(No symbol) [0x0x7ff6654c8995]
	(No symbol) [0x0x7ff6654edbda]
	(No symbol) [0x0x7ff665564346]
	(No symbol) [0x0x7ff6655848c2]
	(No symbol) [0x0x7ff66555c8b3]
	(No symbol) [0x0x7ff665525272]
	(No symbol) [0x0x7ff665526043]
	GetHandleVerifier [0x0x7ff665a1b9cd+2946349]
	GetHandleVerifier [0x0x7ff665a15c4a+2922410]
	GetHandleVerifier [0x0x7ff665a359d7+3052855]
	GetHandleVerifier [0x0x7ff66577aa7e+189918]
	GetHandleVerifier [0x0x7ff665782a1f+222591]
	GetHandleVerifier [0x0x7ff665768ab4+116244]
	GetHandleVerifier [0x0x7ff665768c69+116681]
	GetHandleVerifier [0x0x7ff66574f048+11176]
	BaseThreadInitThunk [0x0x7ffd1387e8d7+23]
	RtlUserThreadStart [0x0x7ffd13b68d9c+44]
</msg>
<arg>benz</arg>
<doc>Selects the checkbox identified by ``locator``.</doc>
<status status="FAIL" start="2025-09-25T22:33:01.262865" elapsed="2.239545">InvalidSessionIdException: Message: invalid session id: session deleted as the browser has closed the connection
from disconnected: not connected to DevTools
  (Session info: chrome=140.0.7339.187); For documentation on this error, please visit: https://www.selenium.dev/documentation/webdriver/troubleshooting/errors#invalidsessionidexception
Stacktrace:
	GetHandleVerifier [0x0x7ff66575fc95+79861]
	GetHandleVerifier [0x0x7ff66575fcf0+79952]
	(No symbol) [0x0x7ff6654dcada]
	(No symbol) [0x0x7ff6654c8995]
	(No symbol) [0x0x7ff6654edbda]
	(No symbol) [0x0x7ff665564346]
	(No symbol) [0x0x7ff6655848c2]
	(No symbol) [0x0x7ff66555c8b3]
	(No symbol) [0x0x7ff665525272]
	(No symbol) [0x0x7ff665526043]
	GetHandleVerifier [0x0x7ff665a1b9cd+2946349]
	GetHandleVerifier [0x0x7ff665a15c4a+2922410]
	GetHandleVerifier [0x0x7ff665a359d7+3052855]
	GetHandleVerifier [0x0x7ff66577aa7e+189918]
	GetHandleVerifier [0x0x7ff665782a1f+222591]
	GetHandleVerifier [0x0x7ff665768ab4+116244]
	GetHandleVerifier [0x0x7ff665768c69+116681]
	GetHandleVerifier [0x0x7ff66574f048+11176]
	BaseThreadInitThunk [0x0x7ffd1387e8d7+23]
	RtlUserThreadStart [0x0x7ffd13b68d9c+44]
</status>
</kw>
<kw name="Select Checkbox" owner="SeleniumLibrary">
<arg>bmw</arg>
<doc>Selects the checkbox identified by ``locator``.</doc>
<status status="NOT RUN" start="2025-09-25T22:33:03.502410" elapsed="0.000000"/>
</kw>
<kw name="Unselect Checkbox" owner="SeleniumLibrary">
<arg>bmw</arg>
<doc>Removes the selection of checkbox identified by ``locator``.</doc>
<status status="NOT RUN" start="2025-09-25T22:33:03.502410" elapsed="0.000998"/>
</kw>
<kw name="Close Browser" owner="SeleniumLibrary">
<doc>Closes the current browser.</doc>
<status status="NOT RUN" start="2025-09-25T22:33:03.503408" elapsed="0.000000"/>
</kw>
<status status="FAIL" start="2025-09-25T22:32:53.065760" elapsed="10.438645">InvalidSessionIdException: Message: invalid session id: session deleted as the browser has closed the connection
from disconnected: not connected to DevTools
  (Session info: chrome=140.0.7339.187); For documentation on this error, please visit: https://www.selenium.dev/documentation/webdriver/troubleshooting/errors#invalidsessionidexception
Stacktrace:
	GetHandleVerifier [0x0x7ff66575fc95+79861]
	GetHandleVerifier [0x0x7ff66575fcf0+79952]
	(No symbol) [0x0x7ff6654dcada]
	(No symbol) [0x0x7ff6654c8995]
	(No symbol) [0x0x7ff6654edbda]
	(No symbol) [0x0x7ff665564346]
	(No symbol) [0x0x7ff6655848c2]
	(No symbol) [0x0x7ff66555c8b3]
	(No symbol) [0x0x7ff665525272]
	(No symbol) [0x0x7ff665526043]
	GetHandleVerifier [0x0x7ff665a1b9cd+2946349]
	GetHandleVerifier [0x0x7ff665a15c4a+2922410]
	GetHandleVerifier [0x0x7ff665a359d7+3052855]
	GetHandleVerifier [0x0x7ff66577aa7e+189918]
	GetHandleVerifier [0x0x7ff665782a1f+222591]
	GetHandleVerifier [0x0x7ff665768ab4+116244]
	GetHandleVerifier [0x0x7ff665768c69+116681]
	GetHandleVerifier [0x0x7ff66574f048+11176]
	BaseThreadInitThunk [0x0x7ffd1387e8d7+23]
	RtlUserThreadStart [0x0x7ffd13b68d9c+44]
</status>
</test>
<status status="FAIL" start="2025-09-25T22:32:52.332756" elapsed="11.181229"/>
</suite>
<status status="FAIL" start="2025-09-25T22:32:52.303483" elapsed="11.211842"/>
</suite>
<statistics>
<total>
<stat pass="0" fail="1" skip="0">All Tests</stat>
</total>
<tag>
</tag>
<suite>
<stat name="Suites" id="s1" pass="0" fail="1" skip="0">Suites</stat>
<stat name="RadioButtons" id="s1-s1" pass="0" fail="1" skip="0">Suites.RadioButtons</stat>
</suite>
</statistics>
<errors>
<msg time="2025-09-25T22:33:03.497867" level="WARN">Keyword 'Capture Page Screenshot' could not be run on failure: Message: invalid session id; For documentation on this error, please visit: https://www.selenium.dev/documentation/webdriver/troubleshooting/errors#invalidsessionidexception
Stacktrace:
	GetHandleVerifier [0x0x7ff66575fc95+79861]
	GetHandleVerifier [0x0x7ff66575fcf0+79952]
	(No symbol) [0x0x7ff6654dc8fc]
	(No symbol) [0x0x7ff66552438d]
	(No symbol) [0x0x7ff66555c9a2]
	(No symbol) [0x0x7ff665557374]
	(No symbol) [0x0x7ff66555642a]
	(No symbol) [0x0x7ff6654a7075]
	GetHandleVerifier [0x0x7ff665a1b9cd+2946349]
	GetHandleVerifier [0x0x7ff665a15c4a+2922410]
	GetHandleVerifier [0x0x7ff665a359d7+3052855]
	GetHandleVerifier [0x0x7ff66577aa7e+189918]
	GetHandleVerifier [0x0x7ff665782a1f+222591]
	(No symbol) [0x0x7ff6654a602c]
	GetHandleVerifier [0x0x7ff665b4e3f8+4202328]
	BaseThreadInitThunk [0x0x7ffd1387e8d7+23]
	RtlUserThreadStart [0x0x7ffd13b68d9c+44]
</msg>
</errors>
</robot>
